# JRE version: OpenJDK Runtime Environment (8.0_202) (build 1.8.0_202-release-1483-b49-5587405)
# Java VM: OpenJDK 64-Bit Server VM (25.202-b49-5587405 mixed mode linux-amd64 compressed oops)
Heap:
 PSYoungGen      total 406016K, used 738K [0x00000000e0000000, 0x00000000f9e00000, 0x0000000100000000)
  eden space 390144K, 0% used [0x00000000e0000000,0x00000000e0000000,0x00000000f7d00000)
  from space 15872K, 4% used [0x00000000f7f00000,0x00000000f7fb88c0,0x00000000f8e80000)
  to   space 10240K, 0% used [0x00000000f9400000,0x00000000f9400000,0x00000000f9e00000)
 ParOldGen       total 86528K, used 22856K [0x00000000a0000000, 0x00000000a5480000, 0x00000000e0000000)
  object space 86528K, 26% used [0x00000000a0000000,0x00000000a1652280,0x00000000a5480000)
 Metaspace       used 45643K, capacity 46720K, committed 46848K, reserved 1089536K
  class space    used 5832K, capacity 6104K, committed 6144K, reserved 1048576K
GC Heap History (10 events):
Event: 7,739 GC heap after
Heap after GC invocations=8 (full 1):
 PSYoungGen      total 206336K, used 7578K [0x00000000e0000000, 0x00000000f4900000, 0x0000000100000000)
  eden space 190976K, 0% used [0x00000000e0000000,0x00000000e0000000,0x00000000eba80000)
  from space 15360K, 49% used [0x00000000eba80000,0x00000000ec1e6bc8,0x00000000ec980000)
  to   space 14848K, 0% used [0x00000000f3a80000,0x00000000f3a80000,0x00000000f4900000)
 ParOldGen       total 62464K, used 19169K [0x00000000a0000000, 0x00000000a3d00000, 0x00000000e0000000)
  object space 62464K, 30% used [0x00000000a0000000,0x00000000a12b87a0,0x00000000a3d00000)
 Metaspace       used 32731K, capacity 33324K, committed 33664K, reserved 1079296K
  class space    used 4429K, capacity 4627K, committed 4736K, reserved 1048576K
}
Event: 9,536 GC heap before
{Heap before GC invocations=9 (full 1):
 PSYoungGen      total 206336K, used 183670K [0x00000000e0000000, 0x00000000f4900000, 0x0000000100000000)
  eden space 190976K, 92% used [0x00000000e0000000,0x00000000eabf6cf8,0x00000000eba80000)
  from space 15360K, 49% used [0x00000000eba80000,0x00000000ec1e6bc8,0x00000000ec980000)
  to   space 14848K, 0% used [0x00000000f3a80000,0x00000000f3a80000,0x00000000f4900000)
 ParOldGen       total 62464K, used 19169K [0x00000000a0000000, 0x00000000a3d00000, 0x00000000e0000000)
  object space 62464K, 30% used [0x00000000a0000000,0x00000000a12b87a0,0x00000000a3d00000)
 Metaspace       used 34632K, capacity 35364K, committed 35496K, reserved 1079296K
  class space    used 4601K, capacity 4814K, committed 4864K, reserved 1048576K
Event: 9,546 GC heap after
Heap after GC invocations=9 (full 1):
 PSYoungGen      total 305152K, used 7223K [0x00000000e0000000, 0x00000000f4200000, 0x0000000100000000)
  eden space 297472K, 0% used [0x00000000e0000000,0x00000000e0000000,0x00000000f2280000)
  from space 7680K, 94% used [0x00000000f3a80000,0x00000000f418dfe8,0x00000000f4200000)
  to   space 14336K, 0% used [0x00000000f2600000,0x00000000f2600000,0x00000000f3400000)
 ParOldGen       total 62464K, used 19177K [0x00000000a0000000, 0x00000000a3d00000, 0x00000000e0000000)
  object space 62464K, 30% used [0x00000000a0000000,0x00000000a12ba7a0,0x00000000a3d00000)
 Metaspace       used 34632K, capacity 35364K, committed 35496K, reserved 1079296K
  class space    used 4601K, capacity 4814K, committed 4864K, reserved 1048576K
}
Event: 9,546 GC heap before
{Heap before GC invocations=10 (full 2):
 PSYoungGen      total 305152K, used 7223K [0x00000000e0000000, 0x00000000f4200000, 0x0000000100000000)
  eden space 297472K, 0% used [0x00000000e0000000,0x00000000e0000000,0x00000000f2280000)
  from space 7680K, 94% used [0x00000000f3a80000,0x00000000f418dfe8,0x00000000f4200000)
  to   space 14336K, 0% used [0x00000000f2600000,0x00000000f2600000,0x00000000f3400000)
 ParOldGen       total 62464K, used 19177K [0x00000000a0000000, 0x00000000a3d00000, 0x00000000e0000000)
  object space 62464K, 30% used [0x00000000a0000000,0x00000000a12ba7a0,0x00000000a3d00000)
 Metaspace       used 34632K, capacity 35364K, committed 35496K, reserved 1079296K
  class space    used 4601K, capacity 4814K, committed 4864K, reserved 1048576K
Event: 9,604 GC heap after
Heap after GC invocations=10 (full 2):
 PSYoungGen      total 305152K, used 0K [0x00000000e0000000, 0x00000000f4200000, 0x0000000100000000)
  eden space 297472K, 0% used [0x00000000e0000000,0x00000000e0000000,0x00000000f2280000)
  from space 7680K, 0% used [0x00000000f3a80000,0x00000000f3a80000,0x00000000f4200000)
  to   space 14336K, 0% used [0x00000000f2600000,0x00000000f2600000,0x00000000f3400000)
 ParOldGen       total 86528K, used 13918K [0x00000000a0000000, 0x00000000a5480000, 0x00000000e0000000)
  object space 86528K, 16% used [0x00000000a0000000,0x00000000a0d97808,0x00000000a5480000)
 Metaspace       used 34586K, capacity 35264K, committed 35496K, reserved 1079296K
  class space    used 4590K, capacity 4802K, committed 4864K, reserved 1048576K
}
Event: 40,430 GC heap before
{Heap before GC invocations=11 (full 2):
 PSYoungGen      total 305152K, used 297472K [0x00000000e0000000, 0x00000000f4200000, 0x0000000100000000)
  eden space 297472K, 100% used [0x00000000e0000000,0x00000000f2280000,0x00000000f2280000)
  from space 7680K, 0% used [0x00000000f3a80000,0x00000000f3a80000,0x00000000f4200000)
  to   space 14336K, 0% used [0x00000000f2600000,0x00000000f2600000,0x00000000f3400000)
 ParOldGen       total 86528K, used 13918K [0x00000000a0000000, 0x00000000a5480000, 0x00000000e0000000)
  object space 86528K, 16% used [0x00000000a0000000,0x00000000a0d97808,0x00000000a5480000)
 Metaspace       used 45540K, capacity 46528K, committed 46848K, reserved 1089536K
  class space    used 5832K, capacity 6104K, committed 6144K, reserved 1048576K
Event: 41,096 GC heap after
Heap after GC invocations=11 (full 2):
 PSYoungGen      total 315392K, used 14280K [0x00000000e0000000, 0x00000000fa380000, 0x0000000100000000)
  eden space 301056K, 0% used [0x00000000e0000000,0x00000000e0000000,0x00000000f2600000)
  from space 14336K, 99% used [0x00000000f2600000,0x00000000f33f2228,0x00000000f3400000)
  to   space 15872K, 0% used [0x00000000f9400000,0x00000000f9400000,0x00000000fa380000)
 ParOldGen       total 86528K, used 14006K [0x00000000a0000000, 0x00000000a5480000, 0x00000000e0000000)
  object space 86528K, 16% used [0x00000000a0000000,0x00000000a0dad818,0x00000000a5480000)
 Metaspace       used 45540K, capacity 46528K, committed 46848K, reserved 1089536K
  class space    used 5832K, capacity 6104K, committed 6144K, reserved 1048576K
}
Event: 146,418 GC heap before
{Heap before GC invocations=12 (full 2):
 PSYoungGen      total 315392K, used 315336K [0x00000000e0000000, 0x00000000fa380000, 0x0000000100000000)
  eden space 301056K, 100% used [0x00000000e0000000,0x00000000f2600000,0x00000000f2600000)
  from space 14336K, 99% used [0x00000000f2600000,0x00000000f33f2228,0x00000000f3400000)
  to   space 15872K, 0% used [0x00000000f9400000,0x00000000f9400000,0x00000000fa380000)
 ParOldGen       total 86528K, used 14006K [0x00000000a0000000, 0x00000000a5480000, 0x00000000e0000000)
  object space 86528K, 16% used [0x00000000a0000000,0x00000000a0dad818,0x00000000a5480000)
 Metaspace       used 45636K, capacity 46720K, committed 46848K, reserved 1089536K
  class space    used 5832K, capacity 6104K, committed 6144K, reserved 1048576K
Event: 146,536 GC heap after
Heap after GC invocations=12 (full 2):
 PSYoungGen      total 400384K, used 9764K [0x00000000e0000000, 0x00000000f9e00000, 0x0000000100000000)
  eden space 390144K, 0% used [0x00000000e0000000,0x00000000e0000000,0x00000000f7d00000)
  from space 10240K, 95% used [0x00000000f9400000,0x00000000f9d893b8,0x00000000f9e00000)
  to   space 15872K, 0% used [0x00000000f7f00000,0x00000000f7f00000,0x00000000f8e80000)
 ParOldGen       total 86528K, used 14014K [0x00000000a0000000, 0x00000000a5480000, 0x00000000e0000000)
  object space 86528K, 16% used [0x00000000a0000000,0x00000000a0daf818,0x00000000a5480000)
 Metaspace       used 45636K, capacity 46720K, committed 46848K, reserved 1089536K
  class space    used 5832K, capacity 6104K, committed 6144K, reserved 1048576K
}
Event: 200,069 GC heap before
{Heap before GC invocations=13 (full 2):
 PSYoungGen      total 400384K, used 399908K [0x00000000e0000000, 0x00000000f9e00000, 0x0000000100000000)
  eden space 390144K, 100% used [0x00000000e0000000,0x00000000f7d00000,0x00000000f7d00000)
  from space 10240K, 95% used [0x00000000f9400000,0x00000000f9d893b8,0x00000000f9e00000)
  to   space 15872K, 0% used [0x00000000f7f00000,0x00000000f7f00000,0x00000000f8e80000)
 ParOldGen       total 86528K, used 14014K [0x00000000a0000000, 0x00000000a5480000, 0x00000000e0000000)
  object space 86528K, 16% used [0x00000000a0000000,0x00000000a0daf818,0x00000000a5480000)
 Metaspace       used 45643K, capacity 46720K, committed 46848K, reserved 1089536K
  class space    used 5832K, capacity 6104K, committed 6144K, reserved 1048576K

